session start at 20231107 21:04:09
20231107 21:04:15 load test.md
20231107 21:04:17 insert 1
20231107 21:04:19 insert 2
20231107 21:04:21 insert 3
20231107 21:04:22 list
20231107 21:04:28 redo
20231107 21:04:30 list
20231107 21:04:33 undo
20231107 21:04:35 list
session start at 20231107 21:08:15
20231107 21:08:23 load test.md
20231107 21:08:25 insert 1
20231107 21:08:26 list
session start at 20231107 21:10:43
session start at 20231107 21:11:09
20231107 21:11:15 load test.md
20231107 21:11:16 list
20231107 21:11:23 insert 1
20231107 21:11:26 insert 24
20231107 21:11:27 list
20231107 21:11:29 undo
20231107 21:11:30 list
20231107 21:11:32 undo
20231107 21:11:33 list
20231107 21:11:35 redo
20231107 21:11:36 list
20231107 21:11:38 redo
20231107 21:11:40 list
20231107 21:11:43 redo
20231107 21:11:45 list
session start at 20231107 21:12:52
20231107 21:12:58 load test.md
20231107 21:13:01 insert 1
20231107 21:13:03 insert 3
20231107 21:13:06 insert 10
20231107 21:13:07 list
20231107 21:13:09 undo
20231107 21:13:12 list
20231107 21:13:14 redo
20231107 21:13:15 list
20231107 21:13:17 undo
20231107 21:13:18 list
session start at 20231107 21:14:45
20231107 21:14:50 load test.md
20231107 21:14:53 insert 1
20231107 21:14:54 insert 2
20231107 21:14:56 insert 3
20231107 21:14:57 list
20231107 21:14:59 undo
20231107 21:15:02 redo
20231107 21:15:03 list
20231107 21:15:05 undo
20231107 21:15:09 list
20231107 21:15:12 redo
20231107 21:15:16 list
20231107 21:15:19 undo
session start at 20231107 21:17:25
session start at 20231107 21:17:40
session start at 20231107 21:18:02
20231107 21:18:09 load test.md
20231107 21:18:12 insert 1
20231107 21:18:13 insert 2
20231107 21:18:15 insert 3
20231107 21:18:17 undo
20231107 21:18:18 undo
20231107 21:18:19 undo
20231107 21:18:21 redo
20231107 21:18:24 redo
20231107 21:18:28 redo
session start at 20231107 21:19:44
20231107 21:19:50 load test.md
20231107 21:19:52 insert 1
20231107 21:19:53 insert 2
20231107 21:19:55 insert 3
20231107 21:19:56 list
20231107 21:19:58 undo
20231107 21:20:00 undo
20231107 21:20:01 list
20231107 21:20:04 redo
20231107 21:20:06 list
20231107 21:20:09 redo
session start at 20231107 21:25:18
20231107 21:25:23 load test.md
20231107 21:25:25 insert 1
20231107 21:25:27 insert 3
20231107 21:25:31 insert ## a
20231107 21:25:32 insert b
20231107 21:25:33 list
20231107 21:25:36 undo
20231107 21:25:37 undo
20231107 21:25:38 undo
20231107 21:25:38 list
20231107 21:25:41 redo
20231107 21:25:42 redo
20231107 21:25:43 list
20231107 21:25:45 redo
20231107 21:25:46 list
20231107 21:25:48 undo
20231107 21:25:49 undo
20231107 21:25:50 list
20231107 21:25:52 redo
20231107 21:25:53 redo
20231107 21:25:55 list
